Added Component: Designator=C1(CAPC0805(2012)145_L)
Added Component: Designator=P1(HDR1X5)
Added Component: Designator=P2(HDR1X5)
Added Component: Designator=R1(RESC0805(2012)_L)
Added Component: Designator=R2(RESC0805(2012)_L)
Added Component: Designator=R3(RESC0805(2012)_L)
Added Component: Designator=R4(RESC0805(2012)_L)
Added Component: Designator=U1(LT-MS 10-MSOP)
Added Pin To Net: NetName=GND Pin=C1-1
Added Pin To Net: NetName=GND Pin=P2-5
Added Pin To Net: NetName=GND Pin=R2-2
Added Pin To Net: NetName=GND Pin=R3-2
Added Pin To Net: NetName=GND Pin=U1-5
Added Net: Name=GND
Added Pin To Net: NetName=NetP1_2 Pin=P1-2
Added Pin To Net: NetName=NetP1_2 Pin=R3-1
Added Pin To Net: NetName=NetP1_2 Pin=U1-9
Added Net: Name=NetP1_2
Added Pin To Net: NetName=NetP1_3 Pin=P1-3
Added Pin To Net: NetName=NetP1_3 Pin=R2-1
Added Pin To Net: NetName=NetP1_3 Pin=U1-8
Added Net: Name=NetP1_3
Added Pin To Net: NetName=NetP1_4 Pin=P1-4
Added Pin To Net: NetName=NetP1_4 Pin=U1-7
Added Net: Name=NetP1_4
Added Pin To Net: NetName=NetP1_5 Pin=P1-5
Added Pin To Net: NetName=NetP1_5 Pin=U1-6
Added Net: Name=NetP1_5
Added Pin To Net: NetName=NetP2_1 Pin=P2-1
Added Pin To Net: NetName=NetP2_1 Pin=R1-2
Added Pin To Net: NetName=NetP2_1 Pin=U1-1
Added Net: Name=NetP2_1
Added Pin To Net: NetName=NetP2_2 Pin=P2-2
Added Pin To Net: NetName=NetP2_2 Pin=R1-1
Added Pin To Net: NetName=NetP2_2 Pin=U1-2
Added Net: Name=NetP2_2
Added Pin To Net: NetName=NetP2_3 Pin=P2-3
Added Pin To Net: NetName=NetP2_3 Pin=R4-2
Added Pin To Net: NetName=NetP2_3 Pin=U1-3
Added Net: Name=NetP2_3
Added Pin To Net: NetName=NetP2_4 Pin=P2-4
Added Pin To Net: NetName=NetP2_4 Pin=R4-1
Added Pin To Net: NetName=NetP2_4 Pin=U1-4
Added Net: Name=NetP2_4
Added Pin To Net: NetName=VCC Pin=C1-2
Added Pin To Net: NetName=VCC Pin=P1-1
Added Pin To Net: NetName=VCC Pin=U1-10
Added Net: Name=VCC
Added Class: Name=LTC2990 Breakout
